0 info it worked if it ends with ok
1 verbose cli [ '/usr/local/bin/node', '/usr/local/bin/npm', 'publish' ]
2 info using npm@3.3.12
3 info using node@v5.1.0
4 verbose publish [ '.' ]
5 silly cache add args [ '.', null ]
6 verbose cache add spec .
7 silly cache add parsed spec Result {
7 silly cache add   raw: '.',
7 silly cache add   scope: null,
7 silly cache add   name: null,
7 silly cache add   rawSpec: '.',
7 silly cache add   spec: '/Users/franco/Developer/random/ci_node',
7 silly cache add   type: 'directory' }
8 verbose addLocalDirectory /Users/franco/.npm/ci_node/1.0.0/package.tgz not in flight; packing
9 info lifecycle ci_node@1.0.0~prepublish: ci_node@1.0.0
10 silly lifecycle ci_node@1.0.0~prepublish: no script for prepublish, continuing
11 verbose tar pack [ '/Users/franco/.npm/ci_node/1.0.0/package.tgz',
11 verbose tar pack   '/Users/franco/Developer/random/ci_node' ]
12 verbose tarball /Users/franco/.npm/ci_node/1.0.0/package.tgz
13 verbose folder /Users/franco/Developer/random/ci_node
14 verbose addLocalTarball adding from inside cache /Users/franco/.npm/ci_node/1.0.0/package.tgz
15 silly cache afterAdd ci_node@1.0.0
16 verbose afterAdd /Users/franco/.npm/ci_node/1.0.0/package/package.json not in flight; writing
17 verbose afterAdd /Users/franco/.npm/ci_node/1.0.0/package/package.json written
18 silly publish { name: 'ci_node',
18 silly publish   version: '1.0.0',
18 silly publish   description: 'Verificación y generación de cedula de identidad uruguaya',
18 silly publish   main: 'index.js',
18 silly publish   scripts: { test: 'echo "Error: no test specified" && exit 1' },
18 silly publish   repository:
18 silly publish    { type: 'git',
18 silly publish      url: 'git+https://github.com/francocorreasosa/ci_node.git' },
18 silly publish   author: '',
18 silly publish   license: 'ISC',
18 silly publish   bugs: { url: 'https://github.com/francocorreasosa/ci_node/issues' },
18 silly publish   homepage: 'https://github.com/francocorreasosa/ci_node#readme',
18 silly publish   readme: '# Validador de c&eacute;dulas de identidad\n\nPuedes instalarlo con NPM haciendo:\n\n```html\n[sudo] npm install ci_node\n```\n\nFunciones:\n```javascript\nvar ci_node = require("ci_node");\nvar ci = "1.111.111";\nci_node.validation_digit(ci); // => \'1\' - Obtiene el dígito verificador de una cédula dada\n\nci = "1.111.111-1"\nci_node.validate_ci(ci);      // => true/false - Valida una cédula completa\n\nci_node.random_ci();          // => 35330781 - Obtiene un número de cédula válido al azar\n```\n\nBasado en la libreria original por @picandocodigo',
18 silly publish   readmeFilename: 'README.md',
18 silly publish   gitHead: '840ca6d5b5d859de55939bb61014a41bc7caf082',
18 silly publish   _id: 'ci_node@1.0.0',
18 silly publish   _shasum: '65d33069dd7b3d2ecf36b29b45e511da407151a3',
18 silly publish   _from: '.' }
19 verbose getPublishConfig undefined
20 silly mapToRegistry name ci_node
21 silly mapToRegistry using default registry
22 silly mapToRegistry registry https://registry.npmjs.org/
23 silly mapToRegistry uri https://registry.npmjs.org/ci_node
24 verbose publish registryBase https://registry.npmjs.org/
25 silly publish uploading /Users/franco/.npm/ci_node/1.0.0/package.tgz
26 verbose request uri https://registry.npmjs.org/ci_node
27 verbose request sending authorization for write operation
28 info attempt registry request try #1 at 9:24:29 PM
29 verbose request using bearer token for auth
30 verbose request id e798d6f35935274c
31 http request PUT https://registry.npmjs.org/ci_node
32 http 403 https://registry.npmjs.org/ci_node
33 verbose headers { 'content-type': 'application/json',
33 verbose headers   'cache-control': 'max-age=60',
33 verbose headers   'content-length': '95',
33 verbose headers   'accept-ranges': 'bytes',
33 verbose headers   date: 'Sat, 05 Dec 2015 00:24:31 GMT',
33 verbose headers   via: '1.1 varnish',
33 verbose headers   connection: 'keep-alive',
33 verbose headers   'x-served-by': 'cache-atl6233-ATL',
33 verbose headers   'x-cache': 'MISS',
33 verbose headers   'x-cache-hits': '0',
33 verbose headers   'x-timer': 'S1449275070.208766,VS0,VE829' }
34 verbose request invalidating /Users/franco/.npm/registry.npmjs.org/ci_node on PUT
35 error publish Failed PUT 403
36 verbose stack Error: "You cannot publish over the previously published version 1.0.0." : ci_node
36 verbose stack     at makeError (/usr/local/lib/node_modules/npm/node_modules/npm-registry-client/lib/request.js:264:12)
36 verbose stack     at CachingRegistryClient.<anonymous> (/usr/local/lib/node_modules/npm/node_modules/npm-registry-client/lib/request.js:252:14)
36 verbose stack     at Request._callback (/usr/local/lib/node_modules/npm/node_modules/npm-registry-client/lib/request.js:172:14)
36 verbose stack     at Request.self.callback (/usr/local/lib/node_modules/npm/node_modules/request/request.js:198:22)
36 verbose stack     at emitTwo (events.js:87:13)
36 verbose stack     at Request.emit (events.js:172:7)
36 verbose stack     at Request.<anonymous> (/usr/local/lib/node_modules/npm/node_modules/request/request.js:1082:10)
36 verbose stack     at emitOne (events.js:82:20)
36 verbose stack     at Request.emit (events.js:169:7)
36 verbose stack     at IncomingMessage.<anonymous> (/usr/local/lib/node_modules/npm/node_modules/request/request.js:1009:12)
37 verbose statusCode 403
38 verbose pkgid ci_node
39 verbose cwd /Users/franco/Developer/random/ci_node
40 error Darwin 15.0.0
41 error argv "/usr/local/bin/node" "/usr/local/bin/npm" "publish"
42 error node v5.1.0
43 error npm  v3.3.12
44 error code E403
45 error "You cannot publish over the previously published version 1.0.0." : ci_node
46 error If you need help, you may report this error at:
46 error     <https://github.com/npm/npm/issues>
47 verbose exit [ 1, true ]
